13:49:57: Creating resource group General
13:49:57: Creating resource group Internal
13:49:57: Creating resource group Autodetect
13:49:57: SceneManagerFactory for type 'DefaultSceneManager' registered.
13:49:57: Registering ResourceManager for type Material
13:49:57: Registering ResourceManager for type Mesh
13:49:57: Registering ResourceManager for type Skeleton
13:49:57: MovableObjectFactory for type 'ParticleSystem' registered.
13:49:57: OverlayElementFactory for type Panel registered.
13:49:57: OverlayElementFactory for type BorderPanel registered.
13:49:57: OverlayElementFactory for type TextArea registered.
13:49:57: Registering ResourceManager for type Font
13:49:57: ArchiveFactory for archive type FileSystem registered.
13:49:57: ArchiveFactory for archive type Zip registered.
13:49:57: DDS codec registering
13:49:57: FreeImage version: 3.13.1
13:49:57: This program uses FreeImage, a free, open source image library supporting all common bitmap formats. See http://freeimage.sourceforge.net for details
13:49:57: Supported formats: bmp,ico,jpg,jif,jpeg,jpe,jng,koa,iff,lbm,mng,pbm,pbm,pcd,pcx,pgm,pgm,png,ppm,ppm,ras,tga,targa,tif,tiff,wap,wbmp,wbm,psd,cut,xbm,xpm,gif,hdr,g3,sgi,exr,j2k,j2c,jp2,pfm,pct,pict,pic,bay,bmq,cr2,crw,cs1,dc2,dcr,dng,erf,fff,hdr,k25,kdc,mdc,mos,mrw,nef,orf,pef,pxn,raf,raw,rdc,sr2,srf,arw,3fr,cine,ia,kc2,mef,nrw,qtk,rw2,sti,drf,dsc,ptx,cap,iiq,rwz
13:49:57: PVRTC codec registering
13:49:57: Registering ResourceManager for type HighLevelGpuProgram
13:49:57: Registering ResourceManager for type Compositor
13:49:57: MovableObjectFactory for type 'Entity' registered.
13:49:57: MovableObjectFactory for type 'Light' registered.
13:49:57: MovableObjectFactory for type 'BillboardSet' registered.
13:49:57: MovableObjectFactory for type 'ManualObject' registered.
13:49:57: MovableObjectFactory for type 'BillboardChain' registered.
13:49:57: MovableObjectFactory for type 'RibbonTrail' registered.
13:49:57: Loading library .\RenderSystem_Direct3D9
13:49:57: Installing plugin: D3D9 RenderSystem
13:49:57: D3D9 : Direct3D9 Rendering Subsystem created.
13:49:57: D3D9: Driver Detection Starts
13:49:57: D3D9: Driver Detection Ends
13:49:57: Plugin successfully installed
13:49:57: Loading library .\RenderSystem_GL
13:49:57: Installing plugin: GL RenderSystem
13:49:57: OpenGL Rendering Subsystem created.
13:49:57: Plugin successfully installed
13:49:57: Loading library .\Plugin_OctreeSceneManager
13:49:57: Installing plugin: Octree & Terrain Scene Manager
13:49:57: Plugin successfully installed
13:49:57: *-*-* OGRE Initialising
13:49:57: *-*-* Version 1.7.1 (Cthugha)
13:49:57: D3D9 : RenderSystem Option: Allow NVPerfHUD = No
13:49:57: D3D9 : RenderSystem Option: FSAA = 0
13:49:57: D3D9 : RenderSystem Option: Floating-point mode = Fastest
13:49:57: D3D9 : RenderSystem Option: Full Screen = Yes
13:49:57: D3D9 : RenderSystem Option: Rendering Device = Monitor-1-NVIDIA GeForce 9400M
13:49:57: D3D9 : RenderSystem Option: Resource Creation Policy = Create on all devices
13:49:57: D3D9 : RenderSystem Option: VSync = No
13:49:57: D3D9 : RenderSystem Option: VSync Interval = 1
13:49:57: D3D9 : RenderSystem Option: Video Mode = 1280 x 800 @ 32-bit colour
13:49:57: D3D9 : RenderSystem Option: sRGB Gamma Conversion = No
13:49:58: CPU Identifier & Features
13:49:58: -------------------------
13:49:58:  *   CPU ID: GenuineIntel: Intel(R) Core(TM)2 Duo CPU     P8700  @ 2.53GHz
13:49:58:  *      SSE: yes
13:49:58:  *     SSE2: yes
13:49:58:  *     SSE3: yes
13:49:58:  *      MMX: yes
13:49:58:  *   MMXEXT: yes
13:49:58:  *    3DNOW: no
13:49:58:  * 3DNOWEXT: no
13:49:58:  *     CMOV: yes
13:49:58:  *      TSC: yes
13:49:58:  *      FPU: yes
13:49:58:  *      PRO: yes
13:49:58:  *       HT: no
13:49:58: -------------------------
13:49:58: D3D9 : Subsystem Initialising
13:49:58: Registering ResourceManager for type Texture
13:49:58: Registering ResourceManager for type GpuProgram
13:49:58: D3D9RenderSystem::_createRenderWindow "TutorialApplication Render Window", 1280x800 fullscreen  miscParams: FSAA=0 FSAAHint= colourDepth=32 gamma=false monitorIndex=0 useNVPerfHUD=false vsync=false vsyncInterval=1 
13:49:58: D3D9 : Created D3D9 Rendering Window 'TutorialApplication Render Window' : 1280x800, 32bpp
13:49:58: D3D9 : Multi head disabled. It causes application run time crashes when used in Vista + SP 1 or 2 combination
13:49:58: D3D9: Vertex texture format supported - PF_FLOAT16_RGB
13:49:58: D3D9: Vertex texture format supported - PF_FLOAT16_RGBA
13:49:58: D3D9: Vertex texture format supported - PF_FLOAT32_RGB
13:49:58: D3D9: Vertex texture format supported - PF_FLOAT32_RGBA
13:49:58: D3D9: Vertex texture format supported - PF_FLOAT16_R
13:49:58: D3D9: Vertex texture format supported - PF_FLOAT32_R
13:49:58: D3D9: Vertex texture format supported - PF_FLOAT16_GR
13:49:58: D3D9: Vertex texture format supported - PF_FLOAT32_GR
13:49:58: RenderSystem capabilities
13:49:58: -------------------------
13:49:58: RenderSystem Name: Direct3D9 Rendering Subsystem
13:49:58: GPU Vendor: nvidia
13:49:58: Device Name: Monitor-1-NVIDIA GeForce 9400M
13:49:58: Driver Version: 8.17.12.8562
13:49:58:  * Fixed function pipeline: yes
13:49:58:  * Hardware generation of mipmaps: yes
13:49:58:  * Texture blending: yes
13:49:58:  * Anisotropic texture filtering: yes
13:49:58:  * Dot product texture operation: yes
13:49:58:  * Cube mapping: yes
13:49:58:  * Hardware stencil buffer: yes
13:49:58:    - Stencil depth: 8
13:49:58:    - Two sided stencil support: yes
13:49:58:    - Wrap stencil values: yes
13:49:58:  * Hardware vertex / index buffers: yes
13:49:58:  * Vertex programs: yes
13:49:58:  * Number of floating-point constants for vertex programs: 256
13:49:58:  * Number of integer constants for vertex programs: 16
13:49:58:  * Number of boolean constants for vertex programs: 16
13:49:58:  * Fragment programs: yes
13:49:58:  * Number of floating-point constants for fragment programs: 224
13:49:58:  * Number of integer constants for fragment programs: 16
13:49:58:  * Number of boolean constants for fragment programs: 16
13:49:58:  * Geometry programs: no
13:49:58:  * Number of floating-point constants for geometry programs: 0
13:49:58:  * Number of integer constants for geometry programs: 0
13:49:58:  * Number of boolean constants for geometry programs: 0
13:49:58:  * Supported Shader Profiles: hlsl ps_1_1 ps_1_2 ps_1_3 ps_1_4 ps_2_0 ps_2_a ps_2_b ps_2_x ps_3_0 vs_1_1 vs_2_0 vs_2_a vs_2_x vs_3_0
13:49:58:  * Texture Compression: yes
13:49:58:    - DXT: yes
13:49:58:    - VTC: no
13:49:58:    - PVRTC: no
13:49:58:  * Scissor Rectangle: yes
13:49:58:  * Hardware Occlusion Query: yes
13:49:58:  * User clip planes: yes
13:49:58:  * VET_UBYTE4 vertex element type: yes
13:49:58:  * Infinite far plane projection: yes
13:49:58:  * Hardware render-to-texture: yes
13:49:58:  * Floating point textures: yes
13:49:58:  * Non-power-of-two textures: yes
13:49:58:  * Volume textures: yes
13:49:58:  * Multiple Render Targets: 4
13:49:58:    - With different bit depths: yes
13:49:58:  * Point Sprites: yes
13:49:58:  * Extended point parameters: yes
13:49:58:  * Max Point Size: 10
13:49:58:  * Vertex texture fetch: yes
13:49:58:  * Number of world matrices: 0
13:49:58:  * Number of texture units: 8
13:49:58:  * Stencil buffer depth: 8
13:49:58:  * Number of vertex blend matrices: 0
13:49:58:    - Max vertex textures: 4
13:49:58:    - Vertex textures shared: no
13:49:58:  * Render to Vertex Buffer : no
13:49:58:  * DirectX per stage constants: yes
13:49:58: ***************************************
13:49:58: *** D3D9 : Subsystem Initialised OK ***
13:49:58: ***************************************
13:49:58: DefaultWorkQueue('Root') initialising on thread main.
13:49:58: Particle Renderer Type 'billboard' registered
13:49:58: SceneManagerFactory for type 'OctreeSceneManager' registered.
13:49:58: SceneManagerFactory for type 'TerrainSceneManager' registered.
13:49:58: Creating resource group Bootstrap
13:49:58: Added resource location '../../Media/packs/OgreCore.zip' of type 'Zip' to resource group 'Bootstrap'
13:49:58: Added resource location '../../Media' of type 'FileSystem' to resource group 'General'
13:49:58: Added resource location '../../Media/fonts' of type 'FileSystem' to resource group 'General'
13:49:58: Added resource location '../../Media/materials/programs' of type 'FileSystem' to resource group 'General'
13:49:58: Added resource location '../../Media/materials/scripts' of type 'FileSystem' to resource group 'General'
13:49:58: Added resource location '../../Media/materials/textures' of type 'FileSystem' to resource group 'General'
13:49:58: Added resource location '../../Media/models' of type 'FileSystem' to resource group 'General'
13:49:58: Added resource location '../../Media/packs/cubemap.zip' of type 'Zip' to resource group 'General'
13:49:58: Added resource location '../../Media/packs/skybox.zip' of type 'Zip' to resource group 'General'
13:49:58: Parsing scripts for resource group Autodetect
13:49:58: Finished parsing scripts for resource group Autodetect
13:49:58: Parsing scripts for resource group Bootstrap
13:49:58: Parsing script OgreCore.material
13:49:58: Parsing script OgreProfiler.material
13:49:58: Parsing script Ogre.fontdef
13:49:58: Parsing script OgreDebugPanel.overlay
13:49:58: Texture: New_Ogre_Border_Center.png: Loading 1 faces(PF_A8R8G8B8,256x128x1) with  hardware generated mipmaps from Image. Internal format is PF_A8R8G8B8,256x128x1.
13:49:58: Texture: New_Ogre_Border.png: Loading 1 faces(PF_A8R8G8B8,256x256x1) with  hardware generated mipmaps from Image. Internal format is PF_A8R8G8B8,256x256x1.
13:49:58: Texture: New_Ogre_Border_Break.png: Loading 1 faces(PF_A8R8G8B8,32x32x1) with  hardware generated mipmaps from Image. Internal format is PF_A8R8G8B8,32x32x1.
13:49:58: Texture: ogretext.png: Loading 1 faces(PF_A8R8G8B8,256x128x1) with  hardware generated mipmaps from Image. Internal format is PF_A8R8G8B8,256x128x1.
13:49:58: Parsing script OgreLoadingPanel.overlay
13:49:58: Finished parsing scripts for resource group Bootstrap
13:49:58: Parsing scripts for resource group General
13:49:58: Parsing script Examples.program
13:49:58: Parsing script StdQuad_vp.program
13:49:58: Parsing script BlackAndWhite.material
13:49:58: Parsing script Bloom.material
13:49:58: Parsing script DepthShadowmap.material
13:49:58: Parsing script DOF.material
13:49:58: Compiler error: object name expected in DOF.material(55)
13:49:58: Parsing script Embossed.material
13:49:58: Parsing script Example-DynTex.material
13:49:58: Parsing script Example-Water.material
13:49:58: Parsing script Example.material
13:49:58: Parsing script Examples-Advanced.material
13:49:58: Parsing script facial.material
13:49:58: Parsing script Glass.material
13:49:58: Parsing script hdr.material
13:49:59: Parsing script HeatVision.material
13:49:59: Parsing script Hurt.material
13:49:59: Parsing script instancing.material
13:49:59: Parsing script Invert.material
13:49:59: Parsing script Laplace.material
13:49:59: Parsing script MotionBlur.material
13:49:59: Parsing script Ocean.material
13:49:59: Parsing script OffsetMapping.material
13:49:59: Parsing script Ogre.material
13:49:59: Parsing script OgreNewt_Example.material
13:49:59: Compiler error: unknown error in OgreNewt_Example.material(8): token "#ambient" is not recognized
13:49:59: Parsing script OldMovie.material
13:49:59: Parsing script OldTV.material
13:49:59: Parsing script Posterize.material
13:49:59: Parsing script red.material
13:49:59: Parsing script RZR-002.material
13:49:59: Parsing script SharpenEdges.material
13:49:59: Parsing script smoke.material
13:49:59: Parsing script Tiling.material
13:49:59: Parsing script VarianceShadowmap.material
13:49:59: Parsing script Examples.compositor
13:49:59: Finished parsing scripts for resource group General
13:49:59: Parsing scripts for resource group Internal
13:49:59: Finished parsing scripts for resource group Internal
13:49:59: Mesh: Loading ogrehead.mesh.
13:49:59: WARNING: ogrehead.mesh is an older format ([MeshSerializer_v1.40]); you should upgrade it as soon as possible using the OgreMeshUpgrade tool.
13:49:59: Texture: WeirdEye.png: Loading 1 faces(PF_R8G8B8,256x256x1) with  hardware generated mipmaps from Image. Internal format is PF_X8R8G8B8,256x256x1.
13:49:59: Texture: GreenSkin.jpg: Loading 1 faces(PF_R8G8B8,256x256x1) with  hardware generated mipmaps from Image. Internal format is PF_X8R8G8B8,256x256x1.
13:49:59: Texture: spheremap.png: Loading 1 faces(PF_R8G8B8,256x256x1) with  hardware generated mipmaps from Image. Internal format is PF_X8R8G8B8,256x256x1.
13:49:59: Texture: dirt01.jpg: Loading 1 faces(PF_R8G8B8,96x96x1) with 5 generated mipmaps from Image. Internal format is PF_X8R8G8B8,96x96x1.
13:49:59: *** Initializing OIS ***
13:49:59: Font BlueHighwayusing texture size 512x512
13:49:59: Info: Freetype returned null for character 127 in font BlueHighway
13:49:59: Info: Freetype returned null for character 128 in font BlueHighway
13:49:59: Info: Freetype returned null for character 129 in font BlueHighway
13:49:59: Info: Freetype returned null for character 130 in font BlueHighway
13:49:59: Info: Freetype returned null for character 131 in font BlueHighway
13:49:59: Info: Freetype returned null for character 132 in font BlueHighway
13:49:59: Info: Freetype returned null for character 133 in font BlueHighway
13:49:59: Info: Freetype returned null for character 134 in font BlueHighway
13:49:59: Info: Freetype returned null for character 135 in font BlueHighway
13:49:59: Info: Freetype returned null for character 136 in font BlueHighway
13:49:59: Info: Freetype returned null for character 137 in font BlueHighway
13:49:59: Info: Freetype returned null for character 138 in font BlueHighway
13:49:59: Info: Freetype returned null for character 139 in font BlueHighway
13:49:59: Info: Freetype returned null for character 140 in font BlueHighway
13:49:59: Info: Freetype returned null for character 141 in font BlueHighway
13:49:59: Info: Freetype returned null for character 142 in font BlueHighway
13:49:59: Info: Freetype returned null for character 143 in font BlueHighway
13:49:59: Info: Freetype returned null for character 144 in font BlueHighway
13:49:59: Info: Freetype returned null for character 145 in font BlueHighway
13:49:59: Info: Freetype returned null for character 146 in font BlueHighway
13:49:59: Info: Freetype returned null for character 147 in font BlueHighway
13:49:59: Info: Freetype returned null for character 148 in font BlueHighway
13:49:59: Info: Freetype returned null for character 149 in font BlueHighway
13:49:59: Info: Freetype returned null for character 150 in font BlueHighway
13:49:59: Info: Freetype returned null for character 151 in font BlueHighway
13:49:59: Info: Freetype returned null for character 152 in font BlueHighway
13:49:59: Info: Freetype returned null for character 153 in font BlueHighway
13:49:59: Info: Freetype returned null for character 154 in font BlueHighway
13:49:59: Info: Freetype returned null for character 155 in font BlueHighway
13:49:59: Info: Freetype returned null for character 156 in font BlueHighway
13:49:59: Info: Freetype returned null for character 157 in font BlueHighway
13:49:59: Info: Freetype returned null for character 158 in font BlueHighway
13:49:59: Info: Freetype returned null for character 159 in font BlueHighway
13:49:59: Info: Freetype returned null for character 160 in font BlueHighway
13:49:59: Texture: BlueHighwayTexture: Loading 1 faces(PF_BYTE_LA,512x512x1) with 0 generated mipmaps from Image. Internal format is PF_BYTE_LA,512x512x1.
13:50:14: DefaultWorkQueue('Root') shutting down on thread main.
13:50:14: *-*-* OGRE Shutdown
13:50:14: Unregistering ResourceManager for type Compositor
13:50:14: Unregistering ResourceManager for type Font
13:50:14: Unregistering ResourceManager for type Skeleton
13:50:14: Unregistering ResourceManager for type Mesh
13:50:14: Unregistering ResourceManager for type HighLevelGpuProgram
13:50:14: Uninstalling plugin: Octree & Terrain Scene Manager
13:50:14: Plugin successfully uninstalled
13:50:14: Unloading library .\Plugin_OctreeSceneManager
13:50:14: Uninstalling plugin: GL RenderSystem
13:50:14: *** Stopping Win32GL Subsystem ***
13:50:14: Plugin successfully uninstalled
13:50:14: Unloading library .\RenderSystem_GL
13:50:15: Uninstalling plugin: D3D9 RenderSystem
13:50:15: D3D9 : Shutting down cleanly.
13:50:15: Unregistering ResourceManager for type Texture
13:50:15: Unregistering ResourceManager for type GpuProgram
13:50:15: D3D9 : Direct3D9 Rendering Subsystem destroyed.
13:50:15: Plugin successfully uninstalled
13:50:15: Unloading library .\RenderSystem_Direct3D9
13:50:15: Unregistering ResourceManager for type Material
