15:01:59: Creating resource group General
15:01:59: Creating resource group Internal
15:01:59: Creating resource group Autodetect
15:01:59: SceneManagerFactory for type 'DefaultSceneManager' registered.
15:01:59: Registering ResourceManager for type Material
15:01:59: Registering ResourceManager for type Mesh
15:01:59: Registering ResourceManager for type Skeleton
15:01:59: MovableObjectFactory for type 'ParticleSystem' registered.
15:01:59: OverlayElementFactory for type Panel registered.
15:01:59: OverlayElementFactory for type BorderPanel registered.
15:01:59: OverlayElementFactory for type TextArea registered.
15:01:59: Registering ResourceManager for type Font
15:01:59: ArchiveFactory for archive type FileSystem registered.
15:01:59: ArchiveFactory for archive type Zip registered.
15:01:59: DDS codec registering
15:01:59: FreeImage version: 3.13.1
15:01:59: This program uses FreeImage, a free, open source image library supporting all common bitmap formats. See http://freeimage.sourceforge.net for details
15:01:59: Supported formats: bmp,ico,jpg,jif,jpeg,jpe,jng,koa,iff,lbm,mng,pbm,pbm,pcd,pcx,pgm,pgm,png,ppm,ppm,ras,tga,targa,tif,tiff,wap,wbmp,wbm,psd,cut,xbm,xpm,gif,hdr,g3,sgi,exr,j2k,j2c,jp2,pfm,pct,pict,pic,bay,bmq,cr2,crw,cs1,dc2,dcr,dng,erf,fff,hdr,k25,kdc,mdc,mos,mrw,nef,orf,pef,pxn,raf,raw,rdc,sr2,srf,arw,3fr,cine,ia,kc2,mef,nrw,qtk,rw2,sti,drf,dsc,ptx,cap,iiq,rwz
15:01:59: PVRTC codec registering
15:01:59: Registering ResourceManager for type HighLevelGpuProgram
15:01:59: Registering ResourceManager for type Compositor
15:01:59: MovableObjectFactory for type 'Entity' registered.
15:01:59: MovableObjectFactory for type 'Light' registered.
15:01:59: MovableObjectFactory for type 'BillboardSet' registered.
15:01:59: MovableObjectFactory for type 'ManualObject' registered.
15:01:59: MovableObjectFactory for type 'BillboardChain' registered.
15:01:59: MovableObjectFactory for type 'RibbonTrail' registered.
15:01:59: Loading library .\RenderSystem_Direct3D9
15:01:59: Installing plugin: D3D9 RenderSystem
15:01:59: D3D9 : Direct3D9 Rendering Subsystem created.
15:01:59: D3D9: Driver Detection Starts
15:01:59: D3D9: Driver Detection Ends
15:01:59: Plugin successfully installed
15:01:59: Loading library .\RenderSystem_GL
15:01:59: Installing plugin: GL RenderSystem
15:01:59: OpenGL Rendering Subsystem created.
15:02:00: Plugin successfully installed
15:02:00: Loading library .\Plugin_OctreeSceneManager
15:02:00: Installing plugin: Octree & Terrain Scene Manager
15:02:00: Plugin successfully installed
15:02:00: *-*-* OGRE Initialising
15:02:00: *-*-* Version 1.7.1 (Cthugha)
15:02:00: D3D9 : RenderSystem Option: Allow NVPerfHUD = No
15:02:00: D3D9 : RenderSystem Option: FSAA = 0
15:02:00: D3D9 : RenderSystem Option: Floating-point mode = Fastest
15:02:00: D3D9 : RenderSystem Option: Full Screen = Yes
15:02:00: D3D9 : RenderSystem Option: Rendering Device = Monitor-1-NVIDIA GeForce 9400M
15:02:00: D3D9 : RenderSystem Option: Resource Creation Policy = Create on all devices
15:02:00: D3D9 : RenderSystem Option: VSync = No
15:02:00: D3D9 : RenderSystem Option: VSync Interval = 1
15:02:00: D3D9 : RenderSystem Option: Video Mode = 1280 x 800 @ 32-bit colour
15:02:00: D3D9 : RenderSystem Option: sRGB Gamma Conversion = No
15:02:05: D3D9 : RenderSystem Option: Full Screen = No
15:02:06: CPU Identifier & Features
15:02:06: -------------------------
15:02:06:  *   CPU ID: GenuineIntel: Intel(R) Core(TM)2 Duo CPU     P8700  @ 2.53GHz
15:02:06:  *      SSE: yes
15:02:06:  *     SSE2: yes
15:02:06:  *     SSE3: yes
15:02:06:  *      MMX: yes
15:02:06:  *   MMXEXT: yes
15:02:06:  *    3DNOW: no
15:02:06:  * 3DNOWEXT: no
15:02:06:  *     CMOV: yes
15:02:06:  *      TSC: yes
15:02:06:  *      FPU: yes
15:02:06:  *      PRO: yes
15:02:06:  *       HT: no
15:02:06: -------------------------
15:02:06: D3D9 : Subsystem Initialising
15:02:06: Registering ResourceManager for type Texture
15:02:06: Registering ResourceManager for type GpuProgram
15:02:06: D3D9RenderSystem::_createRenderWindow "TutorialApplication Render Window", 1280x800 windowed  miscParams: FSAA=0 FSAAHint= colourDepth=32 gamma=false monitorIndex=0 useNVPerfHUD=false vsync=false vsyncInterval=1 
15:02:06: D3D9 : Created D3D9 Rendering Window 'TutorialApplication Render Window' : 1264x732, 32bpp
15:02:06: D3D9 : WARNING - disabling VSync in windowed mode can cause timing issues at lower frame rates, turn VSync on if you observe this problem.
15:02:06: D3D9: Vertex texture format supported - PF_FLOAT16_RGB
15:02:06: D3D9: Vertex texture format supported - PF_FLOAT16_RGBA
15:02:06: D3D9: Vertex texture format supported - PF_FLOAT32_RGB
15:02:06: D3D9: Vertex texture format supported - PF_FLOAT32_RGBA
15:02:06: D3D9: Vertex texture format supported - PF_FLOAT16_R
15:02:06: D3D9: Vertex texture format supported - PF_FLOAT32_R
15:02:06: D3D9: Vertex texture format supported - PF_FLOAT16_GR
15:02:06: D3D9: Vertex texture format supported - PF_FLOAT32_GR
15:02:06: RenderSystem capabilities
15:02:06: -------------------------
15:02:06: RenderSystem Name: Direct3D9 Rendering Subsystem
15:02:06: GPU Vendor: nvidia
15:02:06: Device Name: Monitor-1-NVIDIA GeForce 9400M
15:02:06: Driver Version: 8.17.12.8562
15:02:06:  * Fixed function pipeline: yes
15:02:06:  * Hardware generation of mipmaps: yes
15:02:06:  * Texture blending: yes
15:02:06:  * Anisotropic texture filtering: yes
15:02:06:  * Dot product texture operation: yes
15:02:06:  * Cube mapping: yes
15:02:06:  * Hardware stencil buffer: yes
15:02:06:    - Stencil depth: 8
15:02:06:    - Two sided stencil support: yes
15:02:06:    - Wrap stencil values: yes
15:02:06:  * Hardware vertex / index buffers: yes
15:02:06:  * Vertex programs: yes
15:02:06:  * Number of floating-point constants for vertex programs: 256
15:02:06:  * Number of integer constants for vertex programs: 16
15:02:06:  * Number of boolean constants for vertex programs: 16
15:02:06:  * Fragment programs: yes
15:02:06:  * Number of floating-point constants for fragment programs: 224
15:02:06:  * Number of integer constants for fragment programs: 16
15:02:06:  * Number of boolean constants for fragment programs: 16
15:02:06:  * Geometry programs: no
15:02:06:  * Number of floating-point constants for geometry programs: 0
15:02:06:  * Number of integer constants for geometry programs: 0
15:02:06:  * Number of boolean constants for geometry programs: 0
15:02:06:  * Supported Shader Profiles: hlsl ps_1_1 ps_1_2 ps_1_3 ps_1_4 ps_2_0 ps_2_a ps_2_b ps_2_x ps_3_0 vs_1_1 vs_2_0 vs_2_a vs_2_x vs_3_0
15:02:06:  * Texture Compression: yes
15:02:06:    - DXT: yes
15:02:06:    - VTC: no
15:02:06:    - PVRTC: no
15:02:06:  * Scissor Rectangle: yes
15:02:06:  * Hardware Occlusion Query: yes
15:02:06:  * User clip planes: yes
15:02:06:  * VET_UBYTE4 vertex element type: yes
15:02:06:  * Infinite far plane projection: yes
15:02:06:  * Hardware render-to-texture: yes
15:02:06:  * Floating point textures: yes
15:02:06:  * Non-power-of-two textures: yes
15:02:06:  * Volume textures: yes
15:02:06:  * Multiple Render Targets: 4
15:02:06:    - With different bit depths: yes
15:02:06:  * Point Sprites: yes
15:02:06:  * Extended point parameters: yes
15:02:06:  * Max Point Size: 10
15:02:06:  * Vertex texture fetch: yes
15:02:06:  * Number of world matrices: 0
15:02:06:  * Number of texture units: 8
15:02:06:  * Stencil buffer depth: 8
15:02:06:  * Number of vertex blend matrices: 0
15:02:06:    - Max vertex textures: 4
15:02:06:    - Vertex textures shared: no
15:02:06:  * Render to Vertex Buffer : no
15:02:06:  * DirectX per stage constants: yes
15:02:06: ***************************************
15:02:06: *** D3D9 : Subsystem Initialised OK ***
15:02:06: ***************************************
15:02:06: DefaultWorkQueue('Root') initialising on thread main.
15:02:06: Particle Renderer Type 'billboard' registered
15:02:06: SceneManagerFactory for type 'OctreeSceneManager' registered.
15:02:06: SceneManagerFactory for type 'TerrainSceneManager' registered.
15:02:06: Creating resource group Bootstrap
15:02:06: Added resource location '../../Media/packs/OgreCore.zip' of type 'Zip' to resource group 'Bootstrap'
15:02:06: Added resource location '../../Media' of type 'FileSystem' to resource group 'General'
15:02:07: Added resource location '../../Media/fonts' of type 'FileSystem' to resource group 'General'
15:02:07: Added resource location '../../Media/materials/programs' of type 'FileSystem' to resource group 'General'
15:02:07: Added resource location '../../Media/materials/scripts' of type 'FileSystem' to resource group 'General'
15:02:07: Added resource location '../../Media/materials/textures' of type 'FileSystem' to resource group 'General'
15:02:07: Added resource location '../../Media/models' of type 'FileSystem' to resource group 'General'
15:02:07: Added resource location '../../Media/packs/cubemap.zip' of type 'Zip' to resource group 'General'
15:02:07: Added resource location '../../Media/packs/skybox.zip' of type 'Zip' to resource group 'General'
15:02:07: Parsing scripts for resource group Autodetect
15:02:07: Finished parsing scripts for resource group Autodetect
15:02:07: Parsing scripts for resource group Bootstrap
15:02:07: Parsing script OgreCore.material
15:02:07: Parsing script OgreProfiler.material
15:02:07: Parsing script Ogre.fontdef
15:02:07: Parsing script OgreDebugPanel.overlay
15:02:07: Texture: New_Ogre_Border_Center.png: Loading 1 faces(PF_A8R8G8B8,256x128x1) with  hardware generated mipmaps from Image. Internal format is PF_A8R8G8B8,256x128x1.
15:02:07: Texture: New_Ogre_Border.png: Loading 1 faces(PF_A8R8G8B8,256x256x1) with  hardware generated mipmaps from Image. Internal format is PF_A8R8G8B8,256x256x1.
15:02:07: Texture: New_Ogre_Border_Break.png: Loading 1 faces(PF_A8R8G8B8,32x32x1) with  hardware generated mipmaps from Image. Internal format is PF_A8R8G8B8,32x32x1.
15:02:07: Texture: ogretext.png: Loading 1 faces(PF_A8R8G8B8,256x128x1) with  hardware generated mipmaps from Image. Internal format is PF_A8R8G8B8,256x128x1.
15:02:07: Parsing script OgreLoadingPanel.overlay
15:02:07: Finished parsing scripts for resource group Bootstrap
15:02:07: Parsing scripts for resource group General
15:02:07: Parsing script Examples.program
15:02:07: Parsing script StdQuad_vp.program
15:02:07: Parsing script BlackAndWhite.material
15:02:07: Parsing script Bloom.material
15:02:07: Parsing script DepthShadowmap.material
15:02:07: Parsing script DOF.material
15:02:07: Compiler error: object name expected in DOF.material(55)
15:02:07: Parsing script Embossed.material
15:02:07: Parsing script Example-DynTex.material
15:02:07: Parsing script Example-Water.material
15:02:07: Parsing script Example.material
15:02:08: Parsing script Examples-Advanced.material
15:02:08: Parsing script facial.material
15:02:08: Parsing script Glass.material
15:02:08: Parsing script hdr.material
15:02:08: Parsing script HeatVision.material
15:02:08: Parsing script Hurt.material
15:02:08: Parsing script instancing.material
15:02:08: Parsing script Invert.material
15:02:08: Parsing script Laplace.material
15:02:08: Parsing script MotionBlur.material
15:02:08: Parsing script Ocean.material
15:02:08: Parsing script OffsetMapping.material
15:02:08: Parsing script Ogre.material
15:02:08: Parsing script OgreNewt_Example.material
15:02:08: Compiler error: unknown error in OgreNewt_Example.material(8): token "#ambient" is not recognized
15:02:08: Parsing script OldMovie.material
15:02:08: Parsing script OldTV.material
15:02:08: Parsing script Posterize.material
15:02:08: Parsing script red.material
15:02:08: Parsing script RZR-002.material
15:02:08: Parsing script SharpenEdges.material
15:02:08: Parsing script smoke.material
15:02:08: Parsing script Tiling.material
15:02:08: Parsing script VarianceShadowmap.material
15:02:08: Parsing script Examples.compositor
15:02:08: Finished parsing scripts for resource group General
15:02:08: Parsing scripts for resource group Internal
15:02:08: Finished parsing scripts for resource group Internal
15:02:08: Mesh: Loading ogrehead.mesh.
15:02:08: WARNING: ogrehead.mesh is an older format ([MeshSerializer_v1.40]); you should upgrade it as soon as possible using the OgreMeshUpgrade tool.
15:02:08: Texture: WeirdEye.png: Loading 1 faces(PF_R8G8B8,256x256x1) with  hardware generated mipmaps from Image. Internal format is PF_X8R8G8B8,256x256x1.
15:02:08: Texture: GreenSkin.jpg: Loading 1 faces(PF_R8G8B8,256x256x1) with  hardware generated mipmaps from Image. Internal format is PF_X8R8G8B8,256x256x1.
15:02:08: Texture: spheremap.png: Loading 1 faces(PF_R8G8B8,256x256x1) with  hardware generated mipmaps from Image. Internal format is PF_X8R8G8B8,256x256x1.
15:02:08: Texture: dirt01.jpg: Loading 1 faces(PF_R8G8B8,96x96x1) with 5 generated mipmaps from Image. Internal format is PF_X8R8G8B8,96x96x1.
15:02:09: *** Initializing OIS ***
15:02:09: Font BlueHighwayusing texture size 512x512
15:02:09: Info: Freetype returned null for character 127 in font BlueHighway
15:02:09: Info: Freetype returned null for character 128 in font BlueHighway
15:02:09: Info: Freetype returned null for character 129 in font BlueHighway
15:02:09: Info: Freetype returned null for character 130 in font BlueHighway
15:02:09: Info: Freetype returned null for character 131 in font BlueHighway
15:02:09: Info: Freetype returned null for character 132 in font BlueHighway
15:02:09: Info: Freetype returned null for character 133 in font BlueHighway
15:02:09: Info: Freetype returned null for character 134 in font BlueHighway
15:02:09: Info: Freetype returned null for character 135 in font BlueHighway
15:02:09: Info: Freetype returned null for character 136 in font BlueHighway
15:02:09: Info: Freetype returned null for character 137 in font BlueHighway
15:02:09: Info: Freetype returned null for character 138 in font BlueHighway
15:02:09: Info: Freetype returned null for character 139 in font BlueHighway
15:02:09: Info: Freetype returned null for character 140 in font BlueHighway
15:02:09: Info: Freetype returned null for character 141 in font BlueHighway
15:02:09: Info: Freetype returned null for character 142 in font BlueHighway
15:02:09: Info: Freetype returned null for character 143 in font BlueHighway
15:02:09: Info: Freetype returned null for character 144 in font BlueHighway
15:02:09: Info: Freetype returned null for character 145 in font BlueHighway
15:02:09: Info: Freetype returned null for character 146 in font BlueHighway
15:02:09: Info: Freetype returned null for character 147 in font BlueHighway
15:02:09: Info: Freetype returned null for character 148 in font BlueHighway
15:02:09: Info: Freetype returned null for character 149 in font BlueHighway
15:02:09: Info: Freetype returned null for character 150 in font BlueHighway
15:02:09: Info: Freetype returned null for character 151 in font BlueHighway
15:02:09: Info: Freetype returned null for character 152 in font BlueHighway
15:02:09: Info: Freetype returned null for character 153 in font BlueHighway
15:02:09: Info: Freetype returned null for character 154 in font BlueHighway
15:02:09: Info: Freetype returned null for character 155 in font BlueHighway
15:02:09: Info: Freetype returned null for character 156 in font BlueHighway
15:02:09: Info: Freetype returned null for character 157 in font BlueHighway
15:02:09: Info: Freetype returned null for character 158 in font BlueHighway
15:02:09: Info: Freetype returned null for character 159 in font BlueHighway
15:02:09: Info: Freetype returned null for character 160 in font BlueHighway
15:02:09: Texture: BlueHighwayTexture: Loading 1 faces(PF_BYTE_LA,512x512x1) with 0 generated mipmaps from Image. Internal format is PF_BYTE_LA,512x512x1.
15:02:59: D3D9 Device 0x[06E6A720] entered lost state
15:02:59: D3D9 : WARNING - disabling VSync in windowed mode can cause timing issues at lower frame rates, turn VSync on if you observe this problem.
15:02:59: !!! Direct3D Device successfully restored.
15:02:59: D3D9 device: 0x[06E6A720] was reset
15:03:03: D3D9 Device 0x[06E6A720] entered lost state
15:03:03: D3D9 : WARNING - disabling VSync in windowed mode can cause timing issues at lower frame rates, turn VSync on if you observe this problem.
15:03:03: !!! Direct3D Device successfully restored.
15:03:03: D3D9 device: 0x[06E6A720] was reset
15:03:41: DefaultWorkQueue('Root') shutting down on thread main.
15:03:41: *-*-* OGRE Shutdown
15:03:41: Unregistering ResourceManager for type Compositor
15:03:41: Unregistering ResourceManager for type Font
15:03:41: Unregistering ResourceManager for type Skeleton
15:03:41: Unregistering ResourceManager for type Mesh
15:03:41: Unregistering ResourceManager for type HighLevelGpuProgram
15:03:41: Uninstalling plugin: Octree & Terrain Scene Manager
15:03:41: Plugin successfully uninstalled
15:03:41: Unloading library .\Plugin_OctreeSceneManager
15:03:41: Uninstalling plugin: GL RenderSystem
15:03:41: *** Stopping Win32GL Subsystem ***
15:03:41: Plugin successfully uninstalled
15:03:41: Unloading library .\RenderSystem_GL
15:03:41: Uninstalling plugin: D3D9 RenderSystem
15:03:41: D3D9 : Shutting down cleanly.
15:03:41: Unregistering ResourceManager for type Texture
15:03:41: Unregistering ResourceManager for type GpuProgram
15:03:41: D3D9 : Direct3D9 Rendering Subsystem destroyed.
15:03:41: Plugin successfully uninstalled
15:03:41: Unloading library .\RenderSystem_Direct3D9
15:03:41: Unregistering ResourceManager for type Material
